<?xml version="1.0" encoding="UTF-8"?>
<!-- Generated by org.testng.reporters.JUnitReportReporter -->
<testsuite skipped="0" hostname="IshanDev" name="toolsQA.toolsq" tests="1" failures="0" timestamp="16 Jul 2017 23:52:38 GMT" time="438.666" errors="0">
  <testcase name="tset" time="438.666" classname="toolsQA.toolsq"/>
</testsuite> <!-- toolsQA.toolsq -->
