<?xml version="1.0" encoding="UTF-8"?>
<!-- Generated by org.testng.reporters.JUnitReportReporter -->
<testsuite skipped="0" hostname="IshanDev" name="toolsQA.Seleniums" tests="1" failures="0" timestamp="16 Jul 2017 19:16:35 GMT" time="351.262" errors="0">
  <testcase name="tset" time="351.262" classname="toolsQA.Seleniums"/>
</testsuite> <!-- toolsQA.Seleniums -->
