<?xml version="1.0" encoding="UTF-8"?>
<!-- Generated by org.testng.reporters.JUnitReportReporter -->
<testsuite skipped="0" hostname="IshanDev" name="Automation.Testcases" tests="1" failures="0" timestamp="11 Jun 2017 16:23:29 GMT" time="129.191" errors="0">
  <testcase name="print" time="129.191" classname="Automation.Testcases"/>
</testsuite> <!-- Automation.Testcases -->
